<?xml version="1.0" encoding="UTF-8"?>
<testng-results ignored="0" total="2" passed="2" failed="0" skipped="0">
  <reporter-output>
  </reporter-output>
  <suite started-at="2022-10-06T11:08:02 IST" name="Suite" finished-at="2022-10-06T11:08:02 IST" duration-ms="47">
    <groups>
    </groups>
    <test started-at="2022-10-06T11:08:02 IST" name="Test" finished-at="2022-10-06T11:08:02 IST" duration-ms="47">
      <class name="sample.JenkinsExample">
        <test-method signature="verifyWithInValidCredentials()[pri:0, instance:sample.JenkinsExample@618b19ad]" started-at="2022-10-06T11:08:02 IST" name="verifyWithInValidCredentials" finished-at="2022-10-06T11:08:02 IST" duration-ms="13" status="PASS">
          <reporter-output>
          </reporter-output>
        </test-method> <!-- verifyWithInValidCredentials -->
        <test-method signature="verifyWithValidCredentials()[pri:0, instance:sample.JenkinsExample@618b19ad]" started-at="2022-10-06T11:08:02 IST" name="verifyWithValidCredentials" finished-at="2022-10-06T11:08:02 IST" duration-ms="0" status="PASS">
          <reporter-output>
          </reporter-output>
        </test-method> <!-- verifyWithValidCredentials -->
      </class> <!-- sample.JenkinsExample -->
    </test> <!-- Test -->
  </suite> <!-- Suite -->
</testng-results>
